Starting Oreulia OS in QEMU...
Press Ctrl+C to exit

2026-02-08 12:37:23.957 qemu-system-i386[72306:46977021] +[IMKClient subclass]: chose IMKClient_Modern
2026-02-08 12:37:23.957 qemu-system-i386[72306:46977021] +[IMKInputSession subclass]: chose IMKInputSession_Modern
[MEMORY] Heap allocator initialized
[MEMORY] Heap allocation test passed
[GDT] Initializing GDT/TSS...
[GDT] GDT loaded, TSS ready
[IDT] Initializing interrupt descriptor table...
[IDT] IDT loaded, PIC remapped
[PAGING] Enabling virtual memory...
[PAGING] Initializing virtual memory...
[PAGING] Building kernel address space...
[PAGING] Mapping kernel memory...
[PAGING] Mapping chunk...
[PAGING] Mapping chunk...
[PAGING] Mapping chunk...
[PAGING] Mapping chunk...
[PAGING] Mapping chunk...
[PAGING] Mapping chunk...
[PAGING] Mapping chunk...
[PAGING] Mapping chunk...
[PAGING] Mapping chunk...
[PAGING] Mapping chunk...
[PAGING] Mapping chunk...
[PAGING] Mapping chunk...
[PAGING] Mapping chunk...
[PAGING] Mapping chunk...
[PAGING] Mapping chunk...
[PAGING] Mapping chunk...
[PAGING] Mapping chunk...
[PAGING] Mapping chunk...
[PAGING] Mapping chunk...
[PAGING] Mapping chunk...
[PAGING] Mapping chunk...
[PAGING] Mapping chunk...
[PAGING] Mapping chunk...
[PAGING] Mapping chunk...
[PAGING] Mapping chunk...
[PAGING] Mapping chunk...
[PAGING] Mapping chunk...
[PAGING] Mapping chunk...
[PAGING] Mapping chunk...
[PAGING] Mapping chunk...
[PAGING] Mapping chunk...
[PAGING] Mapping chunk...
[PAGING] Mapping chunk...
[PAGING] Mapping chunk...
[PAGING] Mapping chunk...
[PAGING] Mapping chunk...
[PAGING] Mapping chunk...
[PAGING] Mapping chunk...
[PAGING] Mapping chunk...
[PAGING] Mapping chunk...
[PAGING] Mapping chunk...
[PAGING] Mapping chunk...
[PAGING] Mapping chunk...
[PAGING] Mapping chunk...
[PAGING] Mapping chunk...
[PAGING] Mapping chunk...
[PAGING] Mapping chunk...
[PAGING] Mapping chunk...
[PAGING] Mapping chunk...
[PAGING] Mapping chunk...
[PAGING] Mapping chunk...
[PAGING] Mapping chunk...
[PAGING] Mapping chunk...
[PAGING] Mapping chunk...
[PAGING] Mapping chunk...
[PAGING] Mapping chunk...
[PAGING] Mapping chunk...
[PAGING] Mapping chunk...
[PAGING] Mapping chunk...
[PAGING] Mapping chunk...
[PAGING] Mapping chunk...
[PAGING] Mapping chunk...
[PAGING] Mapping chunk...
[PAGING] Mapping chunk...
[PAGING] Mapping chunk...
[PAGING] Mapping chunk...
[PAGING] Mapping chunk...
[PAGING] Mapping chunk...
[PAGING] Mapping chunk...
[PAGING] Mapping chunk...
[PAGING] Mapping chunk...
[PAGING] Mapping chunk...
[PAGING] Mapping chunk...
[PAGING] Mapping chunk...
[PAGING] Mapping chunk...
[PAGING] Mapping chunk...
[PAGING] Mapping chunk...
[PAGING] Mapping chunk...
[PAGING] Mapping chunk...
[PAGING] Mapping chunk...
[PAGING] Mapping chunk...
[PAGING] Mapping chunk...
[PAGING] Mapping chunk...
[PAGING] Mapping chunk...
[PAGING] Mapping chunk...
[PAGING] Mapping chunk...
[PAGING] Mapping chunk...
[PAGING] Mapping chunk...
[PAGING] Mapping chunk...
[PAGING] Mapping chunk...
[PAGING] Mapping chunk...
[PAGING] Mapping chunk...
[PAGING] Mapping chunk...
[PAGING] Mapping chunk...
[PAGING] Mapping chunk...
[PAGING] Mapping chunk...
[PAGING] Mapping chunk...
[PAGING] Mapping chunk...
[PAGING] Mapping chunk...
[PAGING] Mapping chunk...
[PAGING] Mapping chunk...
[PAGING] Mapping chunk...
[PAGING] Mapping chunk...
[PAGING] Mapping chunk...
[PAGING] Mapping chunk...
[PAGING] Mapping chunk...
[PAGING] Mapping chunk...
[PAGING] Mapping chunk...
[PAGING] Mapping chunk...
[PAGING] Mapping chunk...
[PAGING] Mapping chunk...
[PAGING] Mapping chunk...
[PAGING] Mapping chunk...
[PAGING] Mapping chunk...
[PAGING] Mapping chunk...
[PAGING] Mapping chunk...
[PAGING] Mapping chunk...
[PAGING] Mapping chunk...
[PAGING] Mapping chunk...
[PAGING] Mapping chunk...
[PAGING] Mapping chunk...
[PAGING] Mapping chunk...
[PAGING] Mapping chunk...
[PAGING] Mapping chunk...
[PAGING] Mapping chunk...
[PAGING] Mapping chunk...
[PAGING] Mapping chunk...
[PAGING] Mapping chunk...
[PAGING] Mapping chunk...
[PAGING] Kernel mappings complete
[PAGING] Loading CR3...
[PAGING] CR3 loaded
[PAGING] Enabling paging (CR0.PG)...
[PAGING] Paging enabled
[PAGING] Virtual memory enabled
[PAGING] Virtual memory enabled (4KB pages, user/kernel separation)
[SYSCALL] Setting up system call interface...
[SYSCALL] System call interface initialized (INT 0x80)
[SYSCALL] Handler: syscall_entry -> syscall_handler_rust
[SYSCALL] SYSENTER configured
[SYSCALL] INT 0x80 handler registered
[DEBUG] About to initialize WASM runtime...
[WASM] Runtime initialized
[DEBUG] About to init fs...
[DEBUG] About to init vfs...
[DEBUG] About to init persistence...
[DEBUG] About to init ipc...
[DEBUG] About to init registry...
[DEBUG] About to init process...
[DEBUG] About to init wasm...
[WASM] Runtime initialized
[SECURITY] Initializing security manager...
[SECURITY] Audit logging enabled
[CAPABILITY] Initializing capability manager...
[CAPABILITY] Authority model enabled
[CONSOLE] Initializing console service...
[CONSOLE] Default console created
[CONSOLE] Capability-based I/O ready
[DEBUG] About to initialize timer...
[TIMER] Initializing PIT (100 Hz)...
[SCHED] Preemptive scheduler ready
[IRQ] Enabling interrupts...
[IRQ] Interrupts enabled
[DEBUG] Timer initialized successfully
[PCI] Scanning for devices...
[BLOCK] No VirtIO block device found
[NET] Ethernet device detected (init disabled)

[INIT] Initialization complete, starting scheduler...
[TASK] Starting scheduler setup...
[TASK] Getting init PID...
[TASK] Found existing init PID
[TASK] Getting init process...
[TASK] Adding shell task to scheduler...
[SCHED] Stack address verified
[SCHED] Locking serial...
[SCHED] Stack: 0x00377110
[SCHED] Entry: 0x00000000
[SCHED] Tramp: 0x00000000
[SCHED] vga::print: 0x0014E240
[SCHED] Serial debug done
[SCHED] Entry pushed

[TASK] Shell task added successfully
[TASK] Shell task registered
[TASK] Ready to start scheduler (interrupts will be enabled in tasks)...
[TASK] Entering scheduler...
[SCHED] Starting scheduler
[SCHED] Loading context
[SCHED] Jumping to task...
Lqemu-system-i386: terminating on signal 15 from pid 72327 (<unknown process>)
