c[?7l[2J[0mSeaBIOS (version rel-1.16.3-0-ga6ed6b701f0a-prebuilt.qemu.org)


iPXE (http://ipxe.org) 00:03.0 CA00 PCI2.10 PnP PMM+06FD0FC0+06F30FC0 CA00
Press Ctrl-B to configure iPXE (PCI 00:03.0)...                                                                               


Booting from Hard Disk...
Boot failed: could not read the boot disk

Booting from Floppy...
Boot failed: could not read the boot disk

Booting from DVD/CD...
[0;30;47mWelcome to GRUB!

[01;01H[0m[2J[02;30HGNU GRUB  version 2.12[04;02HŌöīŌöĆŌöĆŌöĆŌöĆŌöĆŌöĆŌöĆŌöĆŌöĆŌöĆŌöĆŌöĆŌöĆŌöĆŌöĆŌöĆŌöĆŌöĆŌöĆŌöĆŌöĆŌöĆŌöĆŌöĆŌöĆŌöĆŌöĆŌöĆŌöĆŌöĆŌöĆŌöĆŌöĆŌöĆŌöĆŌöĆŌöĆŌöĆŌöĆŌöĆŌöĆŌöĆŌöĆŌöĆŌöĆŌöĆŌöĆŌöĆŌöĆŌöĆŌöĆŌöĆŌöĆŌöĆŌöĆŌöĆŌöĆŌöĆŌöĆŌöĆŌöĆŌöĆŌöĆŌöĆŌöĆŌöĆŌöĆŌöĆŌöĆŌöĆŌöĆŌöĆŌöĆŌöĆŌöĆŌöĆŌöÉ[05;02HŌöé[05;79HŌöé[06;02HŌöé[06;79HŌöé[07;02HŌöé[07;79HŌöé[08;02HŌöé[08;79HŌöé[09;02HŌöé[09;79HŌöé[10;02HŌöé[10;79HŌöé[11;02HŌöé[11;79HŌöé[12;02HŌöé[12;79HŌöé[12;79H[13;02HŌöé[13;79HŌöé[14;02HŌöé[14;79HŌöé[15;02HŌöé[15;79HŌöé[16;02HŌöé[16;79HŌöé[17;02HŌöé[17;79HŌöé[18;02HŌööŌöĆŌöĆŌöĆŌöĆŌöĆŌöĆŌöĆŌöĆŌöĆŌöĆŌöĆŌöĆŌöĆŌöĆŌöĆŌöĆŌöĆŌöĆŌöĆŌöĆŌöĆŌöĆŌöĆŌöĆŌöĆŌöĆŌöĆŌöĆŌöĆŌöĆŌöĆŌöĆŌöĆŌöĆŌöĆŌöĆŌöĆŌöĆŌöĆŌöĆŌöĆŌöĆŌöĆŌöĆŌöĆŌöĆŌöĆŌöĆŌöĆŌöĆŌöĆŌöĆŌöĆŌöĆŌöĆŌöĆŌöĆŌöĆŌöĆŌöĆŌöĆŌöĆŌöĆŌöĆŌöĆŌöĆŌöĆŌöĆŌöĆŌöĆŌöĆŌöĆŌöĆŌöĆŌöĆŌöĆŌöś[20;02H     Use the Ōåæ and Ōåō keys to select which entry is highlighted.          
      Press enter to boot the selected OS, `e' to edit the commands [21;68H[21;69H      
      before booting or `c' for a command-line.                           [05;80H [05;03H[0;30;47m*Oreulia OS                                                                 [06;03H[0m                                                                            [07;03H  [07;04H[07;05H                                                                          [08;03H                                                                            [09;03H                                                                            [10;03H               [10;17H[10;18H                                                             [11;03H                                                                            [12;03H                                                                            [13;03H                                                                            [14;03H                                                                            [15;03H                                                                            [16;03H                                     [16;39H[16;40H                                       [17;03H                                                                            [17;80H 





   The highlighted entry will be executed automatically in 3s.                 [05;78H

















   The highlighted entry will be executed automatically in 2s.                 [05;78H

















   The highlighted entry will be executed automatically in 1s.                 [05;78H

















   The highlighted entry will be executed automatically in 0s.                 [01;01H[2J[2J  Booting `Oreulia OS'

Loading Oreulia kernel...
Kernel loaded, booting..[MEMORY] Heap allocator initialized
[MEMORY] Heap allocation test passed
[GDT] Initializing GDT/TSS...
[GDT] GDT loaded, TSS ready
[IDT] Initializing interrupt descriptor table...
[IDT] IDT loaded, PIC remapped
[PAGING] Enabling virtual memory...
[PAGING] Initializing virtual memory...
[PAGING] Building kernel address space...
[PAGING] Mapping kernel memory...
[PAGING] Mapping chunk...
[PAGING] Mapping chunk...
[PAGING] Mapping chunk...
[PAGING] Mapping chunk...
[PAGING] Mapping chunk...
[PAGING] Mapping chunk...
[PAGING] Mapping chunk...
[PAGING] Mapping chunk...
[PAGING] Mapping chunk...
[PAGING] Mapping chunk...
[PAGING] Mapping chunk...
[PAGING] Mapping chunk...
[PAGING] Mapping chunk...
[PAGING] Mapping chunk...
[PAGING] Mapping chunk...
[PAGING] Mapping chunk...
[PAGING] Mapping chunk...
[PAGING] Mapping chunk...
[PAGING] Mapping chunk...
[PAGING] Mapping chunk...
[PAGING] Mapping chunk...
[PAGING] Mapping chunk...
[PAGING] Mapping chunk...
[PAGING] Mapping chunk...
[PAGING] Mapping chunk...
[PAGING] Mapping chunk...
[PAGING] Mapping chunk...
[PAGING] Mapping chunk...
[PAGING] Mapping chunk...
[PAGING] Mapping chunk...
[PAGING] Mapping chunk...
[PAGING] Mapping chunk...
[PAGING] Mapping chunk...
[PAGING] Mapping chunk...
[PAGING] Mapping chunk...
[PAGING] Mapping chunk...
[PAGING] Mapping chunk...
[PAGING] Mapping chunk...
[PAGING] Mapping chunk...
[PAGING] Mapping chunk...
[PAGING] Mapping chunk...
[PAGING] Mapping chunk...
[PAGING] Mapping chunk...
[PAGING] Mapping chunk...
[PAGING] Mapping chunk...
[PAGING] Mapping chunk...
[PAGING] Mapping chunk...
[PAGING] Mapping chunk...
[PAGING] Mapping chunk...
[PAGING] Mapping chunk...
[PAGING] Mapping chunk...
[PAGING] Mapping chunk...
[PAGING] Mapping chunk...
[PAGING] Mapping chunk...
[PAGING] Mapping chunk...
[PAGING] Mapping chunk...
[PAGING] Mapping chunk...
[PAGING] Mapping chunk...
[PAGING] Mapping chunk...
[PAGING] Mapping chunk...
[PAGING] Mapping chunk...
[PAGING] Mapping chunk...
[PAGING] Mapping chunk...
[PAGING] Mapping chunk...
[PAGING] Mapping chunk...
[PAGING] Mapping chunk...
[PAGING] Mapping chunk...
[PAGING] Mapping chunk...
[PAGING] Mapping chunk...
[PAGING] Mapping chunk...
[PAGING] Mapping chunk...
[PAGING] Mapping chunk...
[PAGING] Mapping chunk...
[PAGING] Mapping chunk...
[PAGING] Mapping chunk...
[PAGING] Mapping chunk...
[PAGING] Mapping chunk...
[PAGING] Mapping chunk...
[PAGING] Mapping chunk...
[PAGING] Mapping chunk...
[PAGING] Mapping chunk...
[PAGING] Mapping chunk...
[PAGING] Mapping chunk...
[PAGING] Mapping chunk...
[PAGING] Mapping chunk...
[PAGING] Mapping chunk...
[PAGING] Mapping chunk...
[PAGING] Mapping chunk...
[PAGING] Mapping chunk...
[PAGING] Mapping chunk...
[PAGING] Mapping chunk...
[PAGING] Mapping chunk...
[PAGING] Mapping chunk...
[PAGING] Mapping chunk...
[PAGING] Mapping chunk...
[PAGING] Mapping chunk...
[PAGING] Mapping chunk...
[PAGING] Mapping chunk...
[PAGING] Mapping chunk...
[PAGING] Mapping chunk...
[PAGING] Mapping chunk...
[PAGING] Mapping chunk...
[PAGING] Mapping chunk...
[PAGING] Mapping chunk...
[PAGING] Mapping chunk...
[PAGING] Mapping chunk...
[PAGING] Mapping chunk...
[PAGING] Mapping chunk...
[PAGING] Mapping chunk...
[PAGING] Mapping chunk...
[PAGING] Mapping chunk...
[PAGING] Mapping chunk...
[PAGING] Mapping chunk...
[PAGING] Mapping chunk...
[PAGING] Mapping chunk...
[PAGING] Mapping chunk...
[PAGING] Mapping chunk...
[PAGING] Mapping chunk...
[PAGING] Mapping chunk...
[PAGING] Mapping chunk...
[PAGING] Mapping chunk...
[PAGING] Mapping chunk...
[PAGING] Mapping chunk...
[PAGING] Mapping chunk...
[PAGING] Mapping chunk...
[PAGING] Mapping chunk...
[PAGING] Mapping chunk...
[PAGING] Mapping chunk...
[PAGING] Mapping chunk...
[PAGING] Kernel mappings complete
[PAGING] Loading CR3...
[PAGING] CR3 loaded
[PAGING] Enabling paging (CR0.PG)...
[PAGING] Paging enabled
[PAGING] Virtual memory enabled
[PAGING] Virtual memory enabled (4KB pages, user/kernel separation)
[SYSCALL] Setting up system call interface...
[SYSCALL] System call interface initialized (INT 0x80)
[SYSCALL] Handler: syscall_entry -> syscall_handler_rust
[SYSCALL] SYSENTER configured
[SYSCALL] INT 0x80 handler registered
[DEBUG] About to initialize WASM runtime...
[WASM] Runtime initialized
[DEBUG] About to init fs...
[DEBUG] About to init vfs...
[DEBUG] About to init persistence...
[DEBUG] About to init ipc...
[DEBUG] About to init registry...
[DEBUG] About to init process...
[DEBUG] About to init wasm...
[WASM] Runtime initialized
[SECURITY] Initializing security manager...
[SECURITY] Audit logging enabled
[CAPABILITY] Initializing capability manager...
[CAPABILITY] Authority model enabled
[CONSOLE] Initializing console service...
[CONSOLE] Default console created
[CONSOLE] Capability-based I/O ready
[DEBUG] About to initialize timer...
[TIMER] Initializing PIT (100 Hz)...
[SCHED] Preemptive scheduler ready
[IRQ] Enabling interrupts...
[IRQ] Interrupts enabled
[DEBUG] Timer initialized successfully
[PCI] Scanning for devices...
[BLOCK] No VirtIO block device found
[NET] Ethernet device detected (init disabled)

[INIT] Initialization complete, starting scheduler...
[TASK] Starting scheduler setup...
[TASK] Getting init PID...
[TASK] Found existing init PID
[TASK] Getting init process...
[TASK] Adding shell task to scheduler...
[SCHED] Stack address verified

[TASK] Shell task added successfully
[TASK] Shell task registered
[TASK] Ready to start scheduler (interrupts will be enabled in tasks)...
[TASK] Entering scheduler...
[SCHED] Starting scheduler
[SCHED] Loading context
[SCHED] Jumping to task...
qemu-system-i386: terminating on signal 15 from pid 57981 (<unknown process>)
